#
# There is insufficient memory for the Java Runtime Environment to continue.
# Native memory allocation (malloc) failed to allocate 2336272 bytes. Error detail: Chunk::new
# Possible reasons:
#   The system is out of physical RAM or swap space
#   This process is running with CompressedOops enabled, and the Java Heap may be blocking the growth of the native heap
# Possible solutions:
#   Reduce memory load on the system
#   Increase physical memory or swap space
#   Check if swap backing store is full
#   Decrease Java heap size (-Xmx/-Xms)
#   Decrease number of Java threads
#   Decrease Java thread stack sizes (-Xss)
#   Set larger code cache with -XX:ReservedCodeCacheSize=
#   JVM is running with Unscaled Compressed Oops mode in which the Java heap is
#     placed in the first 4GB address space. The Java Heap base address is the
#     maximum limit for the native heap growth. Please use -XX:HeapBaseMinAddress
#     to set the Java Heap base and to place the Java Heap above 4GB virtual address.
# This output file may be truncated or incomplete.
#
#  Out of Memory Error (arena.cpp:162), pid=9520, tid=27616
#
# JRE version: OpenJDK Runtime Environment Zulu24.32+13-CA (24.0.2+12) (build 24.0.2+12)
# Java VM: OpenJDK 64-Bit Server VM Zulu24.32+13-CA (24.0.2+12, mixed mode, sharing, tiered, compressed oops, compressed class ptrs, g1 gc, windows-amd64)
# No core dump will be written. Minidumps are not enabled by default on client versions of Windows
#

---------------  S U M M A R Y ------------

Command Line: --module-path=C:\Users\LENOVO\.m2\repository\org\openjfx\javafx-base\13\javafx-base-13-win.jar;C:\Users\LENOVO\.m2\repository\org\openjfx\javafx-base\13\javafx-base-13.jar;C:\Users\LENOVO\.m2\repository\org\openjfx\javafx-controls\13\javafx-controls-13-win.jar;C:\Users\LENOVO\.m2\repository\org\openjfx\javafx-controls\13\javafx-controls-13.jar;C:\Users\LENOVO\.m2\repository\org\openjfx\javafx-fxml\13\javafx-fxml-13-win.jar;C:\Users\LENOVO\.m2\repository\org\openjfx\javafx-fxml\13\javafx-fxml-13.jar;C:\Users\LENOVO\.m2\repository\org\openjfx\javafx-graphics\13\javafx-graphics-13-win.jar;C:\Users\LENOVO\.m2\repository\org\openjfx\javafx-graphics\13\javafx-graphics-13.jar --add-modules=javafx.base,javafx.controls,javafx.fxml,javafx.graphics eyepred.eyediseasesclassifier.App

Host: AMD Ryzen 5 7535HS with Radeon Graphics        , 12 cores, 7G,  Windows 11 , 64 bit Build 26100 (10.0.26100.6725)
Time: Mon Oct 27 06:34:50 2025 SE Asia Standard Time elapsed time: 90.865261 seconds (0d 0h 1m 30s)

---------------  T H R E A D  ---------------

Current thread (0x00000164143bb470):  JavaThread "C2 CompilerThread0" daemon [_thread_in_native, id=27616, stack(0x000000298d700000,0x000000298d800000) (1024K)]


Current CompileTask:
C2:90865 4559       4       javafx.scene.Scene$MouseHandler::handleEnterExit (369 bytes)

Stack: [0x000000298d700000,0x000000298d800000]
Native frames: (J=compiled Java code, j=interpreted, Vv=VM code, C=native code)
V  [jvm.dll+0x741329]  (no source info available)
V  [jvm.dll+0x97e243]  (no source info available)
V  [jvm.dll+0x98056d]  (no source info available)
V  [jvm.dll+0x980be3]  (no source info available)
V  [jvm.dll+0x2b5a76]  (no source info available)
V  [jvm.dll+0xd00af]  (no source info available)
V  [jvm.dll+0xd030f]  (no source info available)
V  [jvm.dll+0x15b85f]  (no source info available)
V  [jvm.dll+0x746bef]  (no source info available)
V  [jvm.dll+0x27a478]  (no source info available)
V  [jvm.dll+0x279591]  (no source info available)
V  [jvm.dll+0x1f30fa]  (no source info available)
V  [jvm.dll+0x288d95]  (no source info available)
V  [jvm.dll+0x28702a]  (no source info available)
V  [jvm.dll+0x43e016]  (no source info available)
V  [jvm.dll+0x920c78]  (no source info available)
V  [jvm.dll+0x73fab5]  (no source info available)
C  [ucrtbase.dll+0x37b0]  (no source info available)
C  [KERNEL32.DLL+0x2e8d7]  (no source info available)
C  [ntdll.dll+0x8c53c]  (no source info available)

Lock stack of current Java thread (top to bottom):


---------------  P R O C E S S  ---------------

Threads class SMR info:
_java_thread_list=0x000001645a33d770, length=19, elements={
0x0000016474f75e60, 0x0000016414390410, 0x00000164143916c0, 0x0000016414394710,
0x0000016414396380, 0x000001641439fb00, 0x00000164143a3840, 0x00000164143bb470,
0x00000164143bdc10, 0x0000016414494480, 0x000001645a0b6720, 0x000001645a6664d0,
0x000001645a777a50, 0x000001645a7572f0, 0x000001645af22450, 0x000001645af60ad0,
0x000001645af5e640, 0x000001645af5f4e0, 0x000001645a19cb30
}

Java Threads: ( => current thread )
  0x0000016474f75e60 JavaThread "main"                              [_thread_blocked, id=26508, stack(0x000000298c900000,0x000000298ca00000) (1024K)]
  0x0000016414390410 JavaThread "Reference Handler"          daemon [_thread_blocked, id=27572, stack(0x000000298d100000,0x000000298d200000) (1024K)]
  0x00000164143916c0 JavaThread "Finalizer"                  daemon [_thread_blocked, id=22432, stack(0x000000298d200000,0x000000298d300000) (1024K)]
  0x0000016414394710 JavaThread "Signal Dispatcher"          daemon [_thread_blocked, id=20276, stack(0x000000298d300000,0x000000298d400000) (1024K)]
  0x0000016414396380 JavaThread "Attach Listener"            daemon [_thread_blocked, id=3992, stack(0x000000298d400000,0x000000298d500000) (1024K)]
  0x000001641439fb00 JavaThread "Service Thread"             daemon [_thread_blocked, id=12972, stack(0x000000298d500000,0x000000298d600000) (1024K)]
  0x00000164143a3840 JavaThread "Monitor Deflation Thread"   daemon [_thread_blocked, id=27596, stack(0x000000298d600000,0x000000298d700000) (1024K)]
=>0x00000164143bb470 JavaThread "C2 CompilerThread0"         daemon [_thread_in_native, id=27616, stack(0x000000298d700000,0x000000298d800000) (1024K)]
  0x00000164143bdc10 JavaThread "C1 CompilerThread0"         daemon [_thread_blocked, id=27056, stack(0x000000298d800000,0x000000298d900000) (1024K)]
  0x0000016414494480 JavaThread "Common-Cleaner"             daemon [_thread_blocked, id=20432, stack(0x000000298d900000,0x000000298da00000) (1024K)]
  0x000001645a0b6720 JavaThread "Notification Thread"        daemon [_thread_blocked, id=17048, stack(0x000000298dc00000,0x000000298dd00000) (1024K)]
  0x000001645a6664d0 JavaThread "QuantumRenderer-0"          daemon [_thread_in_native, id=26416, stack(0x000000298db00000,0x000000298dc00000) (1024K)]
  0x000001645a777a50 JavaThread "InvokeLaterDispatcher"      daemon [_thread_blocked, id=16484, stack(0x000000298da00000,0x000000298db00000) (1024K)]
  0x000001645a7572f0 JavaThread "JavaFX Application Thread"         [_thread_in_native, id=21936, stack(0x000000298dd00000,0x000000298de00000) (1024K)]
  0x000001645af22450 JavaThread "JavaFX-Launcher"                   [_thread_blocked, id=1176, stack(0x000000298eb00000,0x000000298ec00000) (1024K)]
  0x000001645af60ad0 JavaThread "Thread-2"                   daemon [_thread_in_native, id=24900, stack(0x000000298ea00000,0x000000298eb00000) (1024K)]
  0x000001645af5e640 JavaThread "Prism Font Disposer"        daemon [_thread_blocked, id=15884, stack(0x000000298f700000,0x000000298f800000) (1024K)]
  0x000001645af5f4e0 JavaThread "Cleaner-0"                  daemon [_thread_blocked, id=21928, stack(0x000000298f600000,0x000000298f700000) (1024K)]
  0x000001645a19cb30 JavaThread "Thread-3"                          [_thread_in_native, id=15044, stack(0x0000002990700000,0x0000002990800000) (1024K)]
Total: 19

Other Threads:
  0x000001641437cd80 VMThread "VM Thread"                           [id=17928, stack(0x000000298d000000,0x000000298d100000) (1024K)]
  0x000001641436edf0 WatcherThread "VM Periodic Task Thread"        [id=26128, stack(0x000000298cf00000,0x000000298d000000) (1024K)]
  0x000001647731f480 WorkerThread "GC Thread#0"                     [id=24192, stack(0x000000298ca00000,0x000000298cb00000) (1024K)]
  0x000001645b1ab0d0 WorkerThread "GC Thread#1"                     [id=2480, stack(0x000000298ed00000,0x000000298ee00000) (1024K)]
  0x000001645b1ab480 WorkerThread "GC Thread#2"                     [id=25804, stack(0x000000298ee00000,0x000000298ef00000) (1024K)]
  0x000001645b1ab830 WorkerThread "GC Thread#3"                     [id=22004, stack(0x000000298ef00000,0x000000298f000000) (1024K)]
  0x000001645b1abbe0 WorkerThread "GC Thread#4"                     [id=27128, stack(0x000000298f000000,0x000000298f100000) (1024K)]
  0x000001645b1ac3a0 WorkerThread "GC Thread#5"                     [id=25872, stack(0x000000298f100000,0x000000298f200000) (1024K)]
  0x000001645b278fc0 WorkerThread "GC Thread#6"                     [id=26796, stack(0x000000298f200000,0x000000298f300000) (1024K)]
  0x000001646e4bb660 WorkerThread "GC Thread#7"                     [id=412, stack(0x000000298f800000,0x000000298f900000) (1024K)]
  0x000001646e4bbdc0 WorkerThread "GC Thread#8"                     [id=18796, stack(0x000000298f900000,0x000000298fa00000) (1024K)]
  0x000001646e4bc170 WorkerThread "GC Thread#9"                     [id=20028, stack(0x000000298fa00000,0x000000298fb00000) (1024K)]
  0x0000016477333390 ConcurrentGCThread "G1 Main Marker"            [id=23504, stack(0x000000298cb00000,0x000000298cc00000) (1024K)]
  0x0000016477333ea0 WorkerThread "G1 Conc#0"                       [id=10416, stack(0x000000298cc00000,0x000000298cd00000) (1024K)]
  0x0000016414765510 WorkerThread "G1 Conc#1"                       [id=9276, stack(0x000000298ec00000,0x000000298ed00000) (1024K)]
  0x0000016414763ef0 WorkerThread "G1 Conc#2"                       [id=10632, stack(0x0000002990500000,0x0000002990600000) (1024K)]
  0x000001641423f150 ConcurrentGCThread "G1 Refine#0"               [id=17256, stack(0x000000298cd00000,0x000000298ce00000) (1024K)]
  0x00000164142429a0 ConcurrentGCThread "G1 Service"                [id=5092, stack(0x000000298ce00000,0x000000298cf00000) (1024K)]
Total: 18

Threads with active compile tasks:
C2 CompilerThread0  93078 4559       4       javafx.scene.Scene$MouseHandler::handleEnterExit (369 bytes)
Total: 1

VM state: not at safepoint (normal execution)

VM Mutex/Monitor currently owned by a thread: None

Heap address: 0x000000008ce00000, size: 1842 MB, Compressed Oops mode: 32-bit

CDS archive(s) mapped at: [0x0000016415000000-0x0000016415d40000-0x0000016415d40000), size 13893632, SharedBaseAddress: 0x0000016415000000, ArchiveRelocationMode: 1.
Compressed class space mapped at: 0x0000016416000000-0x0000016456000000, reserved size: 1073741824
UseCompressedClassPointers 1, UseCompactObjectHeaders 0
Narrow klass pointer bits 32, Max shift 3
Narrow klass base: 0x0000016415000000, Narrow klass shift: 0
Encoding Range: [0x0000016415000000 - 0x0000016515000000), (4294967296 bytes)
Klass Range:    [0x0000016415000000 - 0x0000016456000000), (1090519040 bytes)
Klass ID Range:  [8 - 1090519033) (1090519025)

GC Precious Log:
 CardTable entry size: 512
 Card Set container configuration: InlinePtr #cards 5 size 8 Array Of Cards #cards 10 size 36 Howl #buckets 4 coarsen threshold 1843 Howl Bitmap #cards 512 size 80 coarsen threshold 460 Card regions per heap region 1 cards per card region 2048
 CPUs: 12 total, 12 available
 Memory: 7365M
 Large Page Support: Disabled
 NUMA Support: Disabled
 Compressed Oops: Enabled (32-bit)
 Heap Region Size: 1M
 Heap Min Capacity: 8M
 Heap Initial Capacity: 116M
 Heap Max Capacity: 1842M
 Pre-touch: Disabled
 Parallel Workers: 10
 Concurrent Workers: 3
 Concurrent Refinement Workers: 10
 Periodic GC: Disabled

Heap:
 garbage-first heap   total reserved 1886208K, committed 48128K, used 37218K [0x000000008ce00000, 0x0000000100000000)
  region size 1024K, 30 young (30720K), 5 survivors (5120K)
 Metaspace       used 21826K, committed 22144K, reserved 1114112K
  class space    used 2675K, committed 2816K, reserved 1048576K

Heap Regions: E=young(eden), S=young(survivor), O=old, HS=humongous(starts), HC=humongous(continues), CS=collection set, F=free, TAMS=top-at-mark-start, PB=parsable bottom
|   0|0x000000008ce00000, 0x000000008cf00000, 0x000000008cf00000|100%| O|  |TAMS 0x000000008ce00000| PB 0x000000008ce00000| Untracked |  0
|   1|0x000000008cf00000, 0x000000008d000000, 0x000000008d000000|100%| O|  |TAMS 0x000000008cf00000| PB 0x000000008cf00000| Untracked |  0
|   2|0x000000008d000000, 0x000000008d100000, 0x000000008d100000|100%| O|  |TAMS 0x000000008d000000| PB 0x000000008d000000| Untracked |  0
|   3|0x000000008d100000, 0x000000008d200000, 0x000000008d200000|100%| O|  |TAMS 0x000000008d100000| PB 0x000000008d100000| Untracked |  0
|   4|0x000000008d200000, 0x000000008d2870c0, 0x000000008d300000| 52%| O|  |TAMS 0x000000008d200000| PB 0x000000008d200000| Untracked |  0
|   5|0x000000008d300000, 0x000000008d400000, 0x000000008d400000|100%|HS|  |TAMS 0x000000008d300000| PB 0x000000008d300000| Complete |  0
|   6|0x000000008d400000, 0x000000008d500000, 0x000000008d500000|100%|HC|  |TAMS 0x000000008d400000| PB 0x000000008d400000| Complete |  0
|   7|0x000000008d500000, 0x000000008d500000, 0x000000008d600000|  0%| F|  |TAMS 0x000000008d500000| PB 0x000000008d500000| Untracked |  0
|   8|0x000000008d600000, 0x000000008d600000, 0x000000008d700000|  0%| F|  |TAMS 0x000000008d600000| PB 0x000000008d600000| Untracked |  0
|   9|0x000000008d700000, 0x000000008d700000, 0x000000008d800000|  0%| F|  |TAMS 0x000000008d700000| PB 0x000000008d700000| Untracked |  0
|  10|0x000000008d800000, 0x000000008d800000, 0x000000008d900000|  0%| F|  |TAMS 0x000000008d800000| PB 0x000000008d800000| Untracked |  0
|  11|0x000000008d900000, 0x000000008d900000, 0x000000008da00000|  0%| F|  |TAMS 0x000000008d900000| PB 0x000000008d900000| Untracked |  0
|  12|0x000000008da00000, 0x000000008da00000, 0x000000008db00000|  0%| F|  |TAMS 0x000000008da00000| PB 0x000000008da00000| Untracked |  0
|  13|0x000000008db00000, 0x000000008db00000, 0x000000008dc00000|  0%| F|  |TAMS 0x000000008db00000| PB 0x000000008db00000| Untracked |  0
|  14|0x000000008dc00000, 0x000000008dc00000, 0x000000008dd00000|  0%| F|  |TAMS 0x000000008dc00000| PB 0x000000008dc00000| Untracked |  0
|  15|0x000000008dd00000, 0x000000008dd3bdc8, 0x000000008de00000| 23%| E|  |TAMS 0x000000008dd00000| PB 0x000000008dd00000| Complete |  0
|  16|0x000000008de00000, 0x000000008df00000, 0x000000008df00000|100%| E|CS|TAMS 0x000000008de00000| PB 0x000000008de00000| Complete |  0
|  17|0x000000008df00000, 0x000000008e000000, 0x000000008e000000|100%| E|CS|TAMS 0x000000008df00000| PB 0x000000008df00000| Complete |  0
|  18|0x000000008e000000, 0x000000008e100000, 0x000000008e100000|100%| E|CS|TAMS 0x000000008e000000| PB 0x000000008e000000| Complete |  0
|  19|0x000000008e100000, 0x000000008e200000, 0x000000008e200000|100%| E|CS|TAMS 0x000000008e100000| PB 0x000000008e100000| Complete |  0
|  20|0x000000008e200000, 0x000000008e300000, 0x000000008e300000|100%| E|CS|TAMS 0x000000008e200000| PB 0x000000008e200000| Complete |  0
|  21|0x000000008e300000, 0x000000008e400000, 0x000000008e400000|100%| E|CS|TAMS 0x000000008e300000| PB 0x000000008e300000| Complete |  0
|  22|0x000000008e400000, 0x000000008e500000, 0x000000008e500000|100%| E|CS|TAMS 0x000000008e400000| PB 0x000000008e400000| Complete |  0
|  23|0x000000008e500000, 0x000000008e600000, 0x000000008e600000|100%| E|CS|TAMS 0x000000008e500000| PB 0x000000008e500000| Complete |  0
|  24|0x000000008e600000, 0x000000008e700000, 0x000000008e700000|100%| E|CS|TAMS 0x000000008e600000| PB 0x000000008e600000| Complete |  0
|  25|0x000000008e700000, 0x000000008e800000, 0x000000008e800000|100%| E|CS|TAMS 0x000000008e700000| PB 0x000000008e700000| Complete |  0
|  26|0x000000008e800000, 0x000000008e900000, 0x000000008e900000|100%| E|CS|TAMS 0x000000008e800000| PB 0x000000008e800000| Complete |  0
|  27|0x000000008e900000, 0x000000008ea00000, 0x000000008ea00000|100%| E|CS|TAMS 0x000000008e900000| PB 0x000000008e900000| Complete |  0
|  28|0x000000008ea00000, 0x000000008eb00000, 0x000000008eb00000|100%| E|CS|TAMS 0x000000008ea00000| PB 0x000000008ea00000| Complete |  0
|  29|0x000000008eb00000, 0x000000008ec00000, 0x000000008ec00000|100%| E|CS|TAMS 0x000000008eb00000| PB 0x000000008eb00000| Complete |  0
|  30|0x000000008ec00000, 0x000000008ed00000, 0x000000008ed00000|100%| E|CS|TAMS 0x000000008ec00000| PB 0x000000008ec00000| Complete |  0
|  31|0x000000008ed00000, 0x000000008ee00000, 0x000000008ee00000|100%| E|CS|TAMS 0x000000008ed00000| PB 0x000000008ed00000| Complete |  0
|  32|0x000000008ee00000, 0x000000008ef00000, 0x000000008ef00000|100%| E|CS|TAMS 0x000000008ee00000| PB 0x000000008ee00000| Complete |  0
|  33|0x000000008ef00000, 0x000000008f000000, 0x000000008f000000|100%| E|CS|TAMS 0x000000008ef00000| PB 0x000000008ef00000| Complete |  0
|  34|0x000000008f000000, 0x000000008f100000, 0x000000008f100000|100%| E|CS|TAMS 0x000000008f000000| PB 0x000000008f000000| Complete |  0
|  35|0x000000008f100000, 0x000000008f200000, 0x000000008f200000|100%| E|CS|TAMS 0x000000008f100000| PB 0x000000008f100000| Complete |  0
|  36|0x000000008f200000, 0x000000008f300000, 0x000000008f300000|100%| E|CS|TAMS 0x000000008f200000| PB 0x000000008f200000| Complete |  0
|  37|0x000000008f300000, 0x000000008f400000, 0x000000008f400000|100%| E|CS|TAMS 0x000000008f300000| PB 0x000000008f300000| Complete |  0
|  38|0x000000008f400000, 0x000000008f500000, 0x000000008f500000|100%| E|CS|TAMS 0x000000008f400000| PB 0x000000008f400000| Complete |  0
| 104|0x0000000093600000, 0x00000000936b5530, 0x0000000093700000| 70%| S|CS|TAMS 0x0000000093600000| PB 0x0000000093600000| Complete |  0
| 105|0x0000000093700000, 0x0000000093800000, 0x0000000093800000|100%| S|CS|TAMS 0x0000000093700000| PB 0x0000000093700000| Complete |  0
| 106|0x0000000093800000, 0x0000000093900000, 0x0000000093900000|100%| S|CS|TAMS 0x0000000093800000| PB 0x0000000093800000| Complete |  0
| 107|0x0000000093900000, 0x0000000093a00000, 0x0000000093a00000|100%| S|CS|TAMS 0x0000000093900000| PB 0x0000000093900000| Complete |  0
| 108|0x0000000093a00000, 0x0000000093b00000, 0x0000000093b00000|100%| S|CS|TAMS 0x0000000093a00000| PB 0x0000000093a00000| Complete |  0
| 115|0x0000000094100000, 0x0000000094200000, 0x0000000094200000|100%| E|CS|TAMS 0x0000000094100000| PB 0x0000000094100000| Complete |  0
|1840|0x00000000ffe00000, 0x00000000fff00000, 0x00000000fff00000|100%| O|  |TAMS 0x00000000ffe00000| PB 0x00000000ffe00000| Untracked |  0
|1841|0x00000000fff00000, 0x00000000fff1c318, 0x0000000100000000| 11%| O|Cm|TAMS 0x00000000fff00000| PB 0x00000000fff00000| Complete |  0

Card table byte_map: [0x000001640f6e0000,0x000001640fa80000] _byte_map_base: 0x000001640f279000

Marking Bits: (CMBitMap*) 0x000001647731fb90
 Bits: [0x000001640fa80000, 0x0000016411748000)

Polling page: 0x0000016476aa0000

Metaspace:

Usage:
  Non-class:     18.70 MB used.
      Class:      2.61 MB used.
       Both:     21.31 MB used.

Virtual space:
  Non-class space:       64.00 MB reserved,      18.88 MB ( 29%) committed,  1 nodes.
      Class space:        1.00 GB reserved,       2.75 MB ( <1%) committed,  1 nodes.
             Both:        1.06 GB reserved,      21.62 MB (  2%) committed. 

Chunk freelists:
   Non-Class:  12.62 MB
       Class:  13.25 MB
        Both:  25.87 MB

MaxMetaspaceSize: unlimited
CompressedClassSpaceSize: 1.00 GB
Initial GC threshold: 21.00 MB
Current GC threshold: 35.12 MB
CDS: on
 - commit_granule_bytes: 65536.
 - commit_granule_words: 8192.
 - virtual_space_node_default_size: 8388608.
 - enlarge_chunks_in_place: 1.
UseCompressedClassPointers 1, UseCompactObjectHeaders 0
Narrow klass pointer bits 32, Max shift 3
Narrow klass base: 0x0000016415000000, Narrow klass shift: 0
Encoding Range: [0x0000016415000000 - 0x0000016515000000), (4294967296 bytes)
Klass Range:    [0x0000016415000000 - 0x0000016456000000), (1090519040 bytes)
Klass ID Range:  [8 - 1090519033) (1090519025)


Internal statistics:

num_allocs_failed_limit: 3.
num_arena_births: 270.
num_arena_deaths: 0.
num_vsnodes_births: 2.
num_vsnodes_deaths: 0.
num_space_committed: 346.
num_space_uncommitted: 0.
num_chunks_returned_to_freelist: 3.
num_chunks_taken_from_freelist: 952.
num_chunk_merges: 3.
num_chunk_splits: 684.
num_chunks_enlarged: 555.
num_inconsistent_stats: 0.

CodeHeap 'non-profiled nmethods': size=120064Kb used=2058Kb max_used=2058Kb free=118005Kb
 bounds [0x0000016407ac0000, 0x0000016407d30000, 0x000001640f000000]
CodeHeap 'profiled nmethods': size=120000Kb used=7674Kb max_used=7674Kb free=112325Kb
 bounds [0x0000016400000000, 0x0000016400780000, 0x0000016407530000]
CodeHeap 'non-nmethods': size=5696Kb used=1693Kb max_used=1812Kb free=4002Kb
 bounds [0x0000016407530000, 0x00000164077a0000, 0x0000016407ac0000]
CodeCache: size=245760Kb, used=11425Kb, max_used=11544Kb, free=234332Kb
 total_blobs=5407, nmethods=4557, adapters=753, full_count=0
Compilation: enabled, stopped_count=0, restarted_count=0

Compilation events (20 events):
Event: 86.820 Thread 0x00000164143bdc10 nmethod 4549 0x000001640077dc08 code [0x000001640077dd60, 0x000001640077e050]
Event: 86.821 Thread 0x00000164143bdc10 4550       3       java.util.concurrent.LinkedBlockingDeque::addLast (19 bytes)
Event: 86.821 Thread 0x00000164143bdc10 nmethod 4550 0x000001640077e108 code [0x000001640077e240, 0x000001640077e488]
Event: 87.212 Thread 0x00000164143bb470 4551       4       java.util.concurrent.ThreadPoolExecutor$Worker::lock (6 bytes)
Event: 87.219 Thread 0x00000164143bb470 nmethod 4551 0x0000016407cbf108 code [0x0000016407cbf200, 0x0000016407cbf3b0]
Event: 87.232 Thread 0x00000164143bb470 4552       4       com.sun.javafx.tk.quantum.QuantumToolkit$$Lambda/0x0000016416020f48::run (8 bytes)
Event: 87.243 Thread 0x00000164143bb470 nmethod 4552 0x0000016407cbf408 code [0x0000016407cbf580, 0x0000016407cbfce8]
Event: 87.330 Thread 0x00000164143bb470 4553       4       java.util.Collections::unmodifiableList (51 bytes)
Event: 87.334 Thread 0x00000164143bb470 nmethod 4553 0x0000016407cbfe08 code [0x0000016407cbff20, 0x0000016407cc0200]
Event: 88.064 Thread 0x00000164143bdc10 4554       3       java.io.BufferedWriter::ensureOpen (18 bytes)
Event: 88.065 Thread 0x00000164143bdc10 nmethod 4554 0x000001640077e508 code [0x000001640077e640, 0x000001640077e840]
Event: 88.977 Thread 0x00000164143bb470 4555       4       com.sun.javafx.tk.quantum.QuantumToolkit::requestNextPulse (9 bytes)
Event: 88.980 Thread 0x00000164143bb470 nmethod 4555 0x0000016407cc0288 code [0x0000016407cc03a0, 0x0000016407cc0968]
Event: 89.230 Thread 0x00000164143bb470 4556       4       com.sun.scenario.effect.impl.prism.PrFilterContext::getInstance (53 bytes)
Event: 89.240 Thread 0x00000164143bb470 nmethod 4556 0x0000016407cc0a08 code [0x0000016407cc0b80, 0x0000016407cc1118]
Event: 89.649 Thread 0x00000164143bb470 4557       4       com.sun.javafx.geom.transform.TransformHelper::general3dBoundsTransform (937 bytes)
Event: 89.685 Thread 0x00000164143bb470 nmethod 4557 0x0000016407cc1208 code [0x0000016407cc13e0, 0x0000016407cc27a8]
Event: 89.812 Thread 0x00000164143bb470 4558       4       com.sun.javafx.geom.transform.AffineBase::transform (365 bytes)
Event: 89.814 Thread 0x00000164143bb470 nmethod 4558 0x0000016407cc2888 code [0x0000016407cc2980, 0x0000016407cc2a88]
Event: 89.837 Thread 0x00000164143bb470 4559       4       javafx.scene.Scene$MouseHandler::handleEnterExit (369 bytes)

GC Heap History (6 events):
Event: 1.858 GC heap before
{Heap before GC invocations=0 (full 0):
 garbage-first heap   total reserved 1886208K, committed 120832K, used 49264K [0x000000008ce00000, 0x0000000100000000)
  region size 1024K, 47 young (48128K), 0 survivors (0K)
 Metaspace       used 12170K, committed 12416K, reserved 1114112K
  class space    used 1181K, committed 1280K, reserved 1048576K
}
Event: 1.863 GC heap after
{Heap after GC invocations=1 (full 0):
 garbage-first heap   total reserved 1886208K, committed 120832K, used 6086K [0x000000008ce00000, 0x0000000100000000)
  region size 1024K, 5 young (5120K), 5 survivors (5120K)
 Metaspace       used 12170K, committed 12416K, reserved 1114112K
  class space    used 1181K, committed 1280K, reserved 1048576K
}
Event: 3.030 GC heap before
{Heap before GC invocations=1 (full 0):
 garbage-first heap   total reserved 1886208K, committed 120832K, used 56262K [0x000000008ce00000, 0x0000000100000000)
  region size 1024K, 55 young (56320K), 5 survivors (5120K)
 Metaspace       used 19866K, committed 20160K, reserved 1114112K
  class space    used 2550K, committed 2688K, reserved 1048576K
}
Event: 3.038 GC heap after
{Heap after GC invocations=2 (full 0):
 garbage-first heap   total reserved 1886208K, committed 120832K, used 9965K [0x000000008ce00000, 0x0000000100000000)
  region size 1024K, 5 young (5120K), 5 survivors (5120K)
 Metaspace       used 19866K, committed 20160K, reserved 1114112K
  class space    used 2550K, committed 2688K, reserved 1048576K
}
Event: 51.772 GC heap before
{Heap before GC invocations=2 (full 0):
 garbage-first heap   total reserved 1886208K, committed 120832K, used 18157K [0x000000008ce00000, 0x0000000100000000)
  region size 1024K, 12 young (12288K), 5 survivors (5120K)
 Metaspace       used 21245K, committed 21504K, reserved 1114112K
  class space    used 2650K, committed 2752K, reserved 1048576K
}
Event: 51.777 GC heap after
{Heap after GC invocations=3 (full 0):
 garbage-first heap   total reserved 1886208K, committed 120832K, used 12642K [0x000000008ce00000, 0x0000000100000000)
  region size 1024K, 5 young (5120K), 5 survivors (5120K)
 Metaspace       used 21245K, committed 21504K, reserved 1114112K
  class space    used 2650K, committed 2752K, reserved 1048576K
}

Dll operation events (20 events):
Event: 0.475 Loaded shared library C:\Users\LENOVO\.openjfx\cache\13\api-ms-win-crt-filesystem-l1-1-0.dll
Event: 0.479 Loaded shared library C:\Users\LENOVO\.openjfx\cache\13\api-ms-win-crt-heap-l1-1-0.dll
Event: 0.485 Loaded shared library C:\Users\LENOVO\.openjfx\cache\13\api-ms-win-crt-locale-l1-1-0.dll
Event: 0.490 Loaded shared library C:\Users\LENOVO\.openjfx\cache\13\api-ms-win-crt-math-l1-1-0.dll
Event: 0.494 Loaded shared library C:\Users\LENOVO\.openjfx\cache\13\api-ms-win-crt-multibyte-l1-1-0.dll
Event: 0.500 Loaded shared library C:\Users\LENOVO\.openjfx\cache\13\api-ms-win-crt-private-l1-1-0.dll
Event: 0.505 Loaded shared library C:\Users\LENOVO\.openjfx\cache\13\api-ms-win-crt-process-l1-1-0.dll
Event: 0.510 Loaded shared library C:\Users\LENOVO\.openjfx\cache\13\api-ms-win-crt-runtime-l1-1-0.dll
Event: 0.514 Loaded shared library C:\Users\LENOVO\.openjfx\cache\13\api-ms-win-crt-stdio-l1-1-0.dll
Event: 0.518 Loaded shared library C:\Users\LENOVO\.openjfx\cache\13\api-ms-win-crt-string-l1-1-0.dll
Event: 0.522 Loaded shared library C:\Users\LENOVO\.openjfx\cache\13\api-ms-win-crt-time-l1-1-0.dll
Event: 0.527 Loaded shared library C:\Users\LENOVO\.openjfx\cache\13\api-ms-win-crt-utility-l1-1-0.dll
Event: 0.546 Loaded shared library C:\Users\LENOVO\.openjfx\cache\13\ucrtbase.dll
Event: 0.552 Loaded shared library C:\Users\LENOVO\.openjfx\cache\13\vcruntime140.dll
Event: 0.565 Loaded shared library C:\Users\LENOVO\.openjfx\cache\13\msvcp140.dll
Event: 0.575 Loaded shared library C:\Users\LENOVO\.openjfx\cache\13\concrt140.dll
Event: 0.642 Loaded shared library C:\Users\LENOVO\.openjfx\cache\13\prism_d3d.dll
Event: 0.883 Loaded shared library C:\Users\LENOVO\.openjfx\cache\13\glass.dll
Event: 1.258 Loaded shared library C:\Program Files\Apache NetBeans\jdk\bin\jimage.dll
Event: 1.886 Loaded shared library C:\Users\LENOVO\.openjfx\cache\13\javafx_font.dll

Deoptimization events (20 events):
Event: 71.047 Thread 0x000001645a19cb30 Uncommon trap: trap_request=0xffffff4d fr.pc=0x0000016407ace224 relative=0x0000000000000124
Event: 71.047 Thread 0x000001645a19cb30 Uncommon trap: reason=unstable_if action=reinterpret pc=0x0000016407ace224 method=java.lang.StringCoding.countPositives([BII)I @ 17 c2
Event: 71.047 Thread 0x000001645a19cb30 DEOPT PACKING pc=0x0000016407ace224 sp=0x00000029907fe7e0
Event: 71.047 Thread 0x000001645a19cb30 DEOPT UNPACKING pc=0x0000016407644c02 sp=0x00000029907fe780 mode 2
Event: 71.048 Thread 0x000001645a19cb30 Uncommon trap: trap_request=0xffffff4d fr.pc=0x0000016407b192d8 relative=0x00000000000001d8
Event: 71.048 Thread 0x000001645a19cb30 Uncommon trap: reason=unstable_if action=reinterpret pc=0x0000016407b192d8 method=java.lang.StringUTF16.compress([CI[BII)I @ 20 c2
Event: 71.048 Thread 0x000001645a19cb30 DEOPT PACKING pc=0x0000016407b192d8 sp=0x00000029907feb90
Event: 71.048 Thread 0x000001645a19cb30 DEOPT UNPACKING pc=0x0000016407644c02 sp=0x00000029907feb00 mode 2
Event: 71.048 Thread 0x000001645a19cb30 Uncommon trap: trap_request=0xffffff4d fr.pc=0x0000016407b022f4 relative=0x00000000000000d4
Event: 71.048 Thread 0x000001645a19cb30 Uncommon trap: reason=unstable_if action=reinterpret pc=0x0000016407b022f4 method=java.lang.String.getBytes([BIB)V @ 5 c2
Event: 71.048 Thread 0x000001645a19cb30 DEOPT PACKING pc=0x0000016407b022f4 sp=0x00000029907fec90
Event: 71.048 Thread 0x000001645a19cb30 DEOPT UNPACKING pc=0x0000016407644c02 sp=0x00000029907fec38 mode 2
Event: 75.141 Thread 0x000001645a7572f0 Uncommon trap: trap_request=0xffffff4d fr.pc=0x0000016407c77f70 relative=0x00000000000006d0
Event: 75.141 Thread 0x000001645a7572f0 Uncommon trap: reason=unstable_if action=reinterpret pc=0x0000016407c77f70 method=java.util.concurrent.locks.ReentrantLock$NonfairSync.tryAcquire(I)Z @ 4 c2
Event: 75.141 Thread 0x000001645a7572f0 DEOPT PACKING pc=0x0000016407c77f70 sp=0x000000298ddfe1c0
Event: 75.141 Thread 0x000001645a7572f0 DEOPT UNPACKING pc=0x0000016407644c02 sp=0x000000298ddfe0b0 mode 2
Event: 86.179 Thread 0x000001645af60ad0 Uncommon trap: trap_request=0xffffff4d fr.pc=0x0000016407c6a2ec relative=0x0000000000000bcc
Event: 86.179 Thread 0x000001645af60ad0 Uncommon trap: reason=unstable_if action=reinterpret pc=0x0000016407c6a2ec method=java.util.concurrent.locks.ReentrantLock$NonfairSync.initialTryLock()Z @ 10 c2
Event: 86.180 Thread 0x000001645af60ad0 DEOPT PACKING pc=0x0000016407c6a2ec sp=0x000000298eaff270
Event: 86.180 Thread 0x000001645af60ad0 DEOPT UNPACKING pc=0x0000016407644c02 sp=0x000000298eafef08 mode 2

Classes loaded (20 events):
Event: 51.824 Loading class java/lang/ProcessHandle done
Event: 51.824 Loading class java/lang/ProcessHandleImpl done
Event: 51.826 Loading class java/util/concurrent/SynchronousQueue
Event: 51.827 Loading class java/util/concurrent/SynchronousQueue done
Event: 51.827 Loading class java/util/concurrent/SynchronousQueue$Transferer
Event: 51.827 Loading class java/util/concurrent/LinkedTransferQueue
Event: 51.828 Loading class java/util/concurrent/TransferQueue
Event: 51.828 Loading class java/util/concurrent/TransferQueue done
Event: 51.828 Loading class java/util/concurrent/LinkedTransferQueue done
Event: 51.828 Loading class java/util/concurrent/SynchronousQueue$Transferer done
Event: 51.829 Loading class java/util/concurrent/LinkedTransferQueue$DualNode
Event: 51.829 Loading class java/util/concurrent/LinkedTransferQueue$DualNode done
Event: 51.829 Loading class java/lang/Process$PipeOutputStream
Event: 51.829 Loading class java/lang/Process$PipeOutputStream done
Event: 51.829 Loading class java/lang/Process$PipeInputStream
Event: 51.830 Loading class java/lang/Process$PipeInputStream done
Event: 51.830 Loading class java/lang/ProcessBuilder$NullInputStream
Event: 51.830 Loading class java/lang/ProcessBuilder$NullInputStream done
Event: 51.830 Loading class jdk/internal/event/ProcessStartEvent
Event: 51.831 Loading class jdk/internal/event/ProcessStartEvent done

Classes unloaded (0 events):
No events

Classes redefined (0 events):
No events

Internal exceptions (20 events):
Event: 2.029 Thread 0x000001645a7572f0 Exception <a 'java/lang/NoSuchMethodError'{0x00000000939c7e68}: 'void java.lang.invoke.DelegatingMethodHandle$Holder.reinvoke_L(java.lang.Object, java.lang.Object, int)'> (0x00000000939c7e68) 
thrown [s\src\hotspot\share\interpreter\linkResolver.cpp, line 805]
Event: 2.128 Thread 0x000001645a7572f0 Exception <a 'java/lang/NoSuchMethodError'{0x00000000935d5610}: 'void java.lang.invoke.DirectMethodHandle$Holder.invokeVirtual(java.lang.Object, java.lang.Object)'> (0x00000000935d5610) 
thrown [s\src\hotspot\share\interpreter\linkResolver.cpp, line 805]
Event: 2.421 Thread 0x000001645a7572f0 Implicit null exception at 0x0000016407b63544 to 0x0000016407b635ac
Event: 2.425 Thread 0x000001645a7572f0 Exception <a 'java/lang/NoSuchMethodError'{0x0000000092ad72b8}: 'java.lang.Object java.lang.invoke.DirectMethodHandle$Holder.invokeInterface(java.lang.Object, java.lang.Object, java.lang.Object)'> (0x0000000092ad72b8) 
thrown [s\src\hotspot\share\interpreter\linkResolver.cpp, line 805]
Event: 2.426 Thread 0x000001645a7572f0 Exception <a 'java/lang/IncompatibleClassChangeError'{0x0000000092adf310}: Found class java.lang.Object, but interface was expected> (0x0000000092adf310) 
thrown [s\src\hotspot\share\interpreter\linkResolver.cpp, line 872]
Event: 2.493 Thread 0x000001645a7572f0 Exception <a 'java/lang/NoSuchMethodError'{0x0000000092679cd8}: 'void java.lang.invoke.DirectMethodHandle$Holder.invokeSpecial(java.lang.Object, java.lang.Object, java.lang.Object, java.lang.Object, java.lang.Object, java.lang.Object)'> (0x0000000092679cd8) 
thrown [s\src\hotspot\share\interpreter\linkResolver.cpp, line 805]
Event: 2.551 Thread 0x000001645a7572f0 Exception <a 'java/lang/ClassNotFoundException'{0x000000009239c358}: com/sun/javafx/scene/control/skin/resources/controls> (0x000000009239c358) 
thrown [s\src\hotspot\share\prims\jni.cpp, line 536]
Event: 2.552 Thread 0x000001645a7572f0 Exception <a 'java/lang/ClassNotFoundException'{0x00000000923a90e8}: com/sun/javafx/scene/control/skin/resources/controls_en> (0x00000000923a90e8) 
thrown [s\src\hotspot\share\prims\jni.cpp, line 536]
Event: 2.553 Thread 0x000001645a7572f0 Exception <a 'java/lang/ClassNotFoundException'{0x00000000923aa2e0}: com/sun/javafx/scene/control/skin/resources/controls_en_ID> (0x00000000923aa2e0) 
thrown [s\src\hotspot\share\prims\jni.cpp, line 536]
Event: 2.731 Thread 0x000001645a7572f0 Exception <a 'java/lang/NoSuchMethodError'{0x00000000917718f0}: 'int java.lang.invoke.DirectMethodHandle$Holder.invokeSpecial(java.lang.Object, java.lang.Object, int)'> (0x00000000917718f0) 
thrown [s\src\hotspot\share\interpreter\linkResolver.cpp, line 805]
Event: 2.826 Thread 0x000001645a7572f0 Exception <a 'java/lang/NoSuchMethodError'{0x0000000091495ad0}: 'java.lang.Object java.lang.invoke.DirectMethodHandle$Holder.newInvokeSpecial(java.lang.Object, java.lang.Object, int)'> (0x0000000091495ad0) 
thrown [s\src\hotspot\share\interpreter\linkResolver.cpp, line 805]
Event: 2.864 Thread 0x000001645a7572f0 Exception <a 'java/lang/NoSuchMethodError'{0x00000000914d47f8}: 'long java.lang.invoke.DirectMethodHandle$Holder.invokeStaticInit(java.lang.Object, java.lang.Object, java.lang.Object)'> (0x00000000914d47f8) 
thrown [s\src\hotspot\share\interpreter\linkResolver.cpp, line 805]
Event: 2.869 Thread 0x000001645a7572f0 Exception <a 'java/lang/NoSuchMethodError'{0x0000000091365048}: 'java.lang.Object java.lang.invoke.DirectMethodHandle$Holder.newInvokeSpecial(java.lang.Object, java.lang.Object, long)'> (0x0000000091365048) 
thrown [s\src\hotspot\share\interpreter\linkResolver.cpp, line 805]
Event: 2.870 Thread 0x000001645a7572f0 Exception <a 'java/lang/NoSuchMethodError'{0x000000009136dc50}: 'java.lang.Object java.lang.invoke.Invokers$Holder.linkToTargetMethod(java.lang.Object, long, java.lang.Object)'> (0x000000009136dc50) 
thrown [s\src\hotspot\share\interpreter\linkResolver.cpp, line 805]
Event: 2.921 Thread 0x000001645a6664d0 Exception <a 'java/lang/NoSuchMethodError'{0x0000000090d96d18}: 'int java.lang.invoke.DirectMethodHandle$Holder.invokeStaticInit(java.lang.Object, java.lang.Object)'> (0x0000000090d96d18) 
thrown [s\src\hotspot\share\interpreter\linkResolver.cpp, line 805]
Event: 3.158 Thread 0x000001645a6664d0 Exception <a 'java/lang/NoSuchMethodError'{0x0000000093f803e8}: 'java.lang.Object java.lang.invoke.DirectMethodHandle$Holder.invokeStaticInit(java.lang.Object, int)'> (0x0000000093f803e8) 
thrown [s\src\hotspot\share\interpreter\linkResolver.cpp, line 805]
Event: 51.821 Thread 0x000001645a19cb30 Exception <a 'java/lang/NoSuchMethodError'{0x000000008f43c568}: 'void java.lang.invoke.DirectMethodHandle$Holder.invokeStatic(java.lang.Object, long)'> (0x000000008f43c568) 
thrown [s\src\hotspot\share\interpreter\linkResolver.cpp, line 805]
Event: 51.823 Thread 0x000001645a19cb30 Exception <a 'java/lang/NoSuchMethodError'{0x000000008f44ad70}: 'java.lang.Object java.lang.invoke.DirectMethodHandle$Holder.newInvokeSpecial(java.lang.Object, long)'> (0x000000008f44ad70) 
thrown [s\src\hotspot\share\interpreter\linkResolver.cpp, line 805]
Event: 51.825 Thread 0x000001645a19cb30 Exception <a 'java/lang/NoSuchMethodError'{0x000000008f454658}: 'java.lang.Object java.lang.invoke.DirectMethodHandle$Holder.invokeStatic(java.lang.Object, long, java.lang.Object)'> (0x000000008f454658) 
thrown [s\src\hotspot\share\interpreter\linkResolver.cpp, line 805]
Event: 51.826 Thread 0x000001645a19cb30 Exception <a 'java/lang/NoSuchMethodError'{0x000000008f45c4a0}: 'java.lang.Object java.lang.invoke.DirectMethodHandle$Holder.invokeStaticInit(java.lang.Object, long, java.lang.Object)'> (0x000000008f45c4a0) 
thrown [s\src\hotspot\share\interpreter\linkResolver.cpp, line 805]

VM Operations (20 events):
Event: 2.778 Executing VM operation: HandshakeAllThreads (Deoptimize)
Event: 2.778 Executing VM operation: HandshakeAllThreads (Deoptimize) done
Event: 2.791 Executing VM operation: HandshakeAllThreads (Deoptimize)
Event: 2.791 Executing VM operation: HandshakeAllThreads (Deoptimize) done
Event: 2.816 Executing VM operation: HandshakeAllThreads (Deoptimize)
Event: 2.816 Executing VM operation: HandshakeAllThreads (Deoptimize) done
Event: 3.030 Executing VM operation: G1CollectForAllocation (G1 Evacuation Pause)
Event: 3.038 Executing VM operation: G1CollectForAllocation (G1 Evacuation Pause) done
Event: 51.772 Executing VM operation: CollectForMetadataAllocation (Metadata GC Threshold)
Event: 51.778 Executing VM operation: CollectForMetadataAllocation (Metadata GC Threshold) done
Event: 51.780 Executing VM operation: HandshakeAllThreads (Deoptimize)
Event: 51.780 Executing VM operation: HandshakeAllThreads (Deoptimize) done
Event: 51.785 Executing VM operation: G1PauseRemark
Event: 51.788 Executing VM operation: G1PauseRemark done
Event: 51.791 Executing VM operation: G1PauseCleanup
Event: 51.794 Executing VM operation: G1PauseCleanup done
Event: 60.158 Executing VM operation: HandshakeAllThreads (HandshakeForDeflation)
Event: 60.158 Executing VM operation: HandshakeAllThreads (HandshakeForDeflation) done
Event: 60.158 Executing VM operation: RendezvousGCThreads
Event: 60.158 Executing VM operation: RendezvousGCThreads done

Memory protections (0 events):
No events

Nmethod flushes (0 events):
No events

Events (20 events):
Event: 0.041 Thread 0x0000016474f75e60 Thread added: 0x000001641439fb00
Event: 0.041 Thread 0x0000016474f75e60 Thread added: 0x00000164143a3840
Event: 0.041 Thread 0x0000016474f75e60 Thread added: 0x00000164143bb470
Event: 0.041 Thread 0x0000016474f75e60 Thread added: 0x00000164143bdc10
Event: 0.080 Thread 0x0000016474f75e60 Thread added: 0x0000016414494480
Event: 0.109 Thread 0x00000164143bdc10 Thread added: 0x00000164145587c0
Event: 0.133 Thread 0x00000164143bdc10 Thread added: 0x0000016414570b50
Event: 0.189 Thread 0x0000016474f75e60 Thread added: 0x000001645a0b6720
Event: 0.607 Thread 0x0000016414570b50 Thread exited: 0x0000016414570b50
Event: 0.622 Thread 0x0000016474f75e60 Thread added: 0x000001645a6664d0
Event: 0.844 Thread 0x00000164145587c0 Thread exited: 0x00000164145587c0
Event: 0.887 Thread 0x0000016474f75e60 Thread added: 0x000001645a777a50
Event: 0.892 Thread 0x0000016474f75e60 Thread added: 0x000001645a7572f0
Event: 1.224 Thread 0x0000016474f75e60 Thread added: 0x000001645af22450
Event: 1.233 Thread 0x000001645af60ad0 Thread added: 0x000001645af60ad0
Event: 1.511 Thread 0x00000164143bb470 Thread added: 0x000001645b08e400
Event: 2.421 Thread 0x000001645a7572f0 Thread added: 0x000001645af5e640
Event: 3.017 Thread 0x000001645a6664d0 Thread added: 0x000001645af5f4e0
Event: 4.484 Thread 0x000001645b08e400 Thread exited: 0x000001645b08e400
Event: 51.782 Thread 0x000001645a7572f0 Thread added: 0x000001645a19cb30


Dynamic libraries:
0x00007ff6ac1b0000 - 0x00007ff6ac1be000 	C:\Program Files\Apache NetBeans\jdk\bin\java.exe
0x00007ffa03120000 - 0x00007ffa03388000 	C:\WINDOWS\SYSTEM32\ntdll.dll
0x00007ffa01f60000 - 0x00007ffa02029000 	C:\WINDOWS\System32\KERNEL32.DLL
0x00007ffa00760000 - 0x00007ffa00b52000 	C:\WINDOWS\System32\KERNELBASE.dll
0x00007ffa00560000 - 0x00007ffa006ab000 	C:\WINDOWS\System32\ucrtbase.dll
0x00007ff9e2380000 - 0x00007ff9e2396000 	C:\Program Files\Apache NetBeans\jdk\bin\jli.dll
0x00007ff9facb0000 - 0x00007ff9facce000 	C:\Program Files\Apache NetBeans\jdk\bin\VCRUNTIME140.dll
0x00007ffa00ef0000 - 0x00007ffa010b5000 	C:\WINDOWS\System32\USER32.dll
0x00007ffa002b0000 - 0x00007ffa002d7000 	C:\WINDOWS\System32\win32u.dll
0x00007ff9ecc20000 - 0x00007ff9eceb3000 	C:\WINDOWS\WinSxS\amd64_microsoft.windows.common-controls_6595b64144ccf1df_6.0.26100.6899_none_3e0efeeae32e88c1\COMCTL32.dll
0x00007ffa02340000 - 0x00007ffa0236b000 	C:\WINDOWS\System32\GDI32.dll
0x00007ffa01270000 - 0x00007ffa01319000 	C:\WINDOWS\System32\msvcrt.dll
0x00007ffa00430000 - 0x00007ffa0055d000 	C:\WINDOWS\System32\gdi32full.dll
0x00007ffa006b0000 - 0x00007ffa00753000 	C:\WINDOWS\System32\msvcp_win.dll
0x00007ffa02770000 - 0x00007ffa0279f000 	C:\WINDOWS\System32\IMM32.DLL
0x00007ff9e6b40000 - 0x00007ff9e6b4c000 	C:\Program Files\Apache NetBeans\jdk\bin\vcruntime140_1.dll
0x00007ff9d93c0000 - 0x00007ff9d944d000 	C:\Program Files\Apache NetBeans\jdk\bin\msvcp140.dll
0x00007ff9101b0000 - 0x00007ff91102c000 	C:\Program Files\Apache NetBeans\jdk\bin\server\jvm.dll
0x00007ffa02f00000 - 0x00007ffa02fb4000 	C:\WINDOWS\System32\ADVAPI32.dll
0x00007ffa020f0000 - 0x00007ffa02196000 	C:\WINDOWS\System32\sechost.dll
0x00007ffa02220000 - 0x00007ffa02338000 	C:\WINDOWS\System32\RPCRT4.dll
0x00007ffa021a0000 - 0x00007ffa02214000 	C:\WINDOWS\System32\WS2_32.dll
0x00007ffa00110000 - 0x00007ffa0016e000 	C:\WINDOWS\SYSTEM32\POWRPROF.dll
0x00007ff9f8df0000 - 0x00007ff9f8dfb000 	C:\WINDOWS\SYSTEM32\VERSION.dll
0x00007ff9f17c0000 - 0x00007ff9f17f5000 	C:\WINDOWS\SYSTEM32\WINMM.dll
0x00007ffa000f0000 - 0x00007ffa00104000 	C:\WINDOWS\SYSTEM32\UMPDC.dll
0x00007ff9ff080000 - 0x00007ff9ff09b000 	C:\WINDOWS\SYSTEM32\kernel.appcore.dll
0x00007ff9e6b30000 - 0x00007ff9e6b3a000 	C:\Program Files\Apache NetBeans\jdk\bin\jimage.dll
0x00007ff9fd5e0000 - 0x00007ff9fd822000 	C:\WINDOWS\SYSTEM32\DBGHELP.DLL
0x00007ffa023f0000 - 0x00007ffa0276b000 	C:\WINDOWS\System32\combase.dll
0x00007ffa01e70000 - 0x00007ffa01f47000 	C:\WINDOWS\System32\OLEAUT32.dll
0x00007ff9d5e90000 - 0x00007ff9d5ecc000 	C:\WINDOWS\SYSTEM32\dbgcore.DLL
0x00007ffa00e50000 - 0x00007ffa00ee8000 	C:\WINDOWS\System32\bcryptPrimitives.dll
0x00007ff9e6310000 - 0x00007ff9e632e000 	C:\Program Files\Apache NetBeans\jdk\bin\java.dll
0x00007ffa01590000 - 0x00007ffa01728000 	C:\WINDOWS\System32\ole32.dll
0x00007ffa027b0000 - 0x00007ffa02efd000 	C:\WINDOWS\System32\SHELL32.dll
0x00007ffa00ce0000 - 0x00007ffa00e4b000 	C:\WINDOWS\System32\wintypes.dll
0x00007ff9fded0000 - 0x00007ff9fe72d000 	C:\WINDOWS\SYSTEM32\windows.storage.dll
0x00007ffa02fc0000 - 0x00007ffa030b2000 	C:\WINDOWS\System32\SHCORE.dll
0x00007ffa01d80000 - 0x00007ffa01de2000 	C:\WINDOWS\System32\shlwapi.dll
0x00007ffa001d0000 - 0x00007ffa001f9000 	C:\WINDOWS\SYSTEM32\profapi.dll
0x00007ff9d91f0000 - 0x00007ff9d92c7000 	C:\Program Files\Apache NetBeans\jdk\bin\jsvml.dll
0x00007ff9e66f0000 - 0x00007ff9e6700000 	C:\Program Files\Apache NetBeans\jdk\bin\net.dll
0x00007ff9ff5f0000 - 0x00007ff9ff65b000 	C:\WINDOWS\system32\mswsock.dll
0x00007ff9db2a0000 - 0x00007ff9db2b6000 	C:\Program Files\Apache NetBeans\jdk\bin\nio.dll
0x00007ff9db2c0000 - 0x00007ff9db2d7000 	C:\Program Files\Apache NetBeans\jdk\bin\zip.dll
0x0000016414960000 - 0x0000016414963000 	C:\Users\LENOVO\.openjfx\cache\13\api-ms-win-core-console-l1-1-0.dll
0x0000016414970000 - 0x0000016414973000 	C:\Users\LENOVO\.openjfx\cache\13\api-ms-win-core-datetime-l1-1-0.dll
0x0000016414980000 - 0x0000016414983000 	C:\Users\LENOVO\.openjfx\cache\13\api-ms-win-core-debug-l1-1-0.dll
0x0000016414990000 - 0x0000016414993000 	C:\Users\LENOVO\.openjfx\cache\13\api-ms-win-core-errorhandling-l1-1-0.dll
0x00000164149a0000 - 0x00000164149a4000 	C:\Users\LENOVO\.openjfx\cache\13\api-ms-win-core-file-l1-1-0.dll
0x00000164149b0000 - 0x00000164149b3000 	C:\Users\LENOVO\.openjfx\cache\13\api-ms-win-core-file-l1-2-0.dll
0x00000164149c0000 - 0x00000164149c3000 	C:\Users\LENOVO\.openjfx\cache\13\api-ms-win-core-file-l2-1-0.dll
0x00000164149d0000 - 0x00000164149d3000 	C:\Users\LENOVO\.openjfx\cache\13\api-ms-win-core-handle-l1-1-0.dll
0x00000164149e0000 - 0x00000164149e3000 	C:\Users\LENOVO\.openjfx\cache\13\api-ms-win-core-heap-l1-1-0.dll
0x00000164149f0000 - 0x00000164149f3000 	C:\Users\LENOVO\.openjfx\cache\13\api-ms-win-core-interlocked-l1-1-0.dll
0x0000016414a00000 - 0x0000016414a03000 	C:\Users\LENOVO\.openjfx\cache\13\api-ms-win-core-libraryloader-l1-1-0.dll
0x0000016414a10000 - 0x0000016414a13000 	C:\Users\LENOVO\.openjfx\cache\13\api-ms-win-core-localization-l1-2-0.dll
0x0000016414a20000 - 0x0000016414a23000 	C:\Users\LENOVO\.openjfx\cache\13\api-ms-win-core-memory-l1-1-0.dll
0x0000016414a30000 - 0x0000016414a33000 	C:\Users\LENOVO\.openjfx\cache\13\api-ms-win-core-namedpipe-l1-1-0.dll
0x0000016414a40000 - 0x0000016414a43000 	C:\Users\LENOVO\.openjfx\cache\13\api-ms-win-core-processenvironment-l1-1-0.dll
0x0000016414a50000 - 0x0000016414a53000 	C:\Users\LENOVO\.openjfx\cache\13\api-ms-win-core-processthreads-l1-1-0.dll
0x0000016414a60000 - 0x0000016414a63000 	C:\Users\LENOVO\.openjfx\cache\13\api-ms-win-core-processthreads-l1-1-1.dll
0x0000016414a70000 - 0x0000016414a73000 	C:\Users\LENOVO\.openjfx\cache\13\api-ms-win-core-profile-l1-1-0.dll
0x0000016414a80000 - 0x0000016414a83000 	C:\Users\LENOVO\.openjfx\cache\13\api-ms-win-core-rtlsupport-l1-1-0.dll
0x0000016414a90000 - 0x0000016414a93000 	C:\Users\LENOVO\.openjfx\cache\13\api-ms-win-core-string-l1-1-0.dll
0x0000016414aa0000 - 0x0000016414aa3000 	C:\Users\LENOVO\.openjfx\cache\13\api-ms-win-core-synch-l1-1-0.dll
0x0000016414ab0000 - 0x0000016414ab3000 	C:\Users\LENOVO\.openjfx\cache\13\api-ms-win-core-synch-l1-2-0.dll
0x0000016414ac0000 - 0x0000016414ac3000 	C:\Users\LENOVO\.openjfx\cache\13\api-ms-win-core-sysinfo-l1-1-0.dll
0x0000016414ad0000 - 0x0000016414ad3000 	C:\Users\LENOVO\.openjfx\cache\13\api-ms-win-core-timezone-l1-1-0.dll
0x0000016414ae0000 - 0x0000016414ae3000 	C:\Users\LENOVO\.openjfx\cache\13\api-ms-win-core-util-l1-1-0.dll
0x0000016414af0000 - 0x0000016414af3000 	C:\Users\LENOVO\.openjfx\cache\13\api-ms-win-crt-conio-l1-1-0.dll
0x0000016414b00000 - 0x0000016414b04000 	C:\Users\LENOVO\.openjfx\cache\13\api-ms-win-crt-convert-l1-1-0.dll
0x0000016414b10000 - 0x0000016414b13000 	C:\Users\LENOVO\.openjfx\cache\13\api-ms-win-crt-environment-l1-1-0.dll
0x0000016414b20000 - 0x0000016414b23000 	C:\Users\LENOVO\.openjfx\cache\13\api-ms-win-crt-filesystem-l1-1-0.dll
0x0000016414b30000 - 0x0000016414b33000 	C:\Users\LENOVO\.openjfx\cache\13\api-ms-win-crt-heap-l1-1-0.dll
0x0000016414b40000 - 0x0000016414b43000 	C:\Users\LENOVO\.openjfx\cache\13\api-ms-win-crt-locale-l1-1-0.dll
0x0000016414b50000 - 0x0000016414b55000 	C:\Users\LENOVO\.openjfx\cache\13\api-ms-win-crt-math-l1-1-0.dll
0x0000016414b60000 - 0x0000016414b65000 	C:\Users\LENOVO\.openjfx\cache\13\api-ms-win-crt-multibyte-l1-1-0.dll
0x0000016414b70000 - 0x0000016414b80000 	C:\Users\LENOVO\.openjfx\cache\13\api-ms-win-crt-private-l1-1-0.dll
0x0000016414b80000 - 0x0000016414b83000 	C:\Users\LENOVO\.openjfx\cache\13\api-ms-win-crt-process-l1-1-0.dll
0x0000016414b90000 - 0x0000016414b94000 	C:\Users\LENOVO\.openjfx\cache\13\api-ms-win-crt-runtime-l1-1-0.dll
0x0000016414ba0000 - 0x0000016414ba4000 	C:\Users\LENOVO\.openjfx\cache\13\api-ms-win-crt-stdio-l1-1-0.dll
0x0000016414bb0000 - 0x0000016414bb4000 	C:\Users\LENOVO\.openjfx\cache\13\api-ms-win-crt-string-l1-1-0.dll
0x0000016414bc0000 - 0x0000016414bc3000 	C:\Users\LENOVO\.openjfx\cache\13\api-ms-win-crt-time-l1-1-0.dll
0x0000016414bd0000 - 0x0000016414bd3000 	C:\Users\LENOVO\.openjfx\cache\13\api-ms-win-crt-utility-l1-1-0.dll
0x00007ff9f79f0000 - 0x00007ff9f7aec000 	C:\Users\LENOVO\.openjfx\cache\13\ucrtbase.dll
0x00007ff9f9cb0000 - 0x00007ff9f9cc5000 	C:\Users\LENOVO\.openjfx\cache\13\vcruntime140.dll
0x00007ff9f7950000 - 0x00007ff9f79eb000 	C:\Users\LENOVO\.openjfx\cache\13\msvcp140.dll
0x00007ff9f77e0000 - 0x00007ff9f7831000 	C:\Users\LENOVO\.openjfx\cache\13\concrt140.dll
0x00007ff9e5e90000 - 0x00007ff9e5eb3000 	C:\Users\LENOVO\.openjfx\cache\13\prism_d3d.dll
0x00007ff9e1710000 - 0x00007ff9e18c0000 	C:\WINDOWS\system32\d3d9.dll
0x00007ff9fd480000 - 0x00007ff9fd4ad000 	C:\WINDOWS\SYSTEM32\dwmapi.dll
0x00007ff9fd4b0000 - 0x00007ff9fd4f4000 	C:\WINDOWS\SYSTEM32\dxcore.dll
0x00007ff9fd160000 - 0x00007ff9fd20a000 	C:\WINDOWS\system32\uxtheme.dll
0x00007ff974050000 - 0x00007ff974070000 	C:\Windows\System32\DriverStore\FileRepository\u0408849.inf_amd64_53e030d4d9290593\B408642\atidx9loader64.dll
0x00007ff970800000 - 0x00007ff974044000 	C:\Windows\System32\DriverStore\FileRepository\u0408849.inf_amd64_53e030d4d9290593\B408642\AMDXN64.DLL
0x00007ffa01730000 - 0x00007ffa01bb8000 	C:\WINDOWS\System32\SETUPAPI.dll
0x00007ff9fd290000 - 0x00007ff9fd3cb000 	C:\WINDOWS\SYSTEM32\dxgi.dll
0x00007ffa001a0000 - 0x00007ffa001c6000 	C:\WINDOWS\SYSTEM32\BCrypt.dll
0x00007ff9f15f0000 - 0x00007ff9f1627000 	C:\Windows\System32\DriverStore\FileRepository\u0408849.inf_amd64_53e030d4d9290593\B408642\amdihk64.dll
0x00007ff9fa950000 - 0x00007ff9fa9b3000 	C:\WINDOWS\SYSTEM32\directxdatabasehelper.dll
0x00007ff9ffe30000 - 0x00007ff9ffe87000 	C:\WINDOWS\SYSTEM32\cfgmgr32.dll
0x00007ff9e5e40000 - 0x00007ff9e5e85000 	C:\Users\LENOVO\.openjfx\cache\13\glass.dll
0x00007ffa01c80000 - 0x00007ffa01d73000 	C:\WINDOWS\System32\COMDLG32.dll
0x00007ff9bfa40000 - 0x00007ff9bfb73000 	C:\ProgramData\A-Volute\A-Volute.Nahimic\Modules\Scheduled\x64\AudioDevProps2.dll
0x00007ffa010c0000 - 0x00007ffa0121b000 	C:\WINDOWS\System32\MSCTF.dll
0x00007ff9f77c0000 - 0x00007ff9f77d4000 	C:\Users\LENOVO\.openjfx\cache\13\javafx_font.dll
0x00007ff9fb990000 - 0x00007ff9fbbf7000 	C:\WINDOWS\SYSTEM32\dwrite.dll
0x00007ffa01bc0000 - 0x00007ffa01c71000 	C:\WINDOWS\System32\clbcatq.dll
0x00007ff9fb620000 - 0x00007ff9fb850000 	C:\WINDOWS\SYSTEM32\WindowsCodecs.dll
0x00007ff9d1930000 - 0x00007ff9d198a000 	C:\WINDOWS\system32\dataexchange.dll
0x00007ff9f0c40000 - 0x00007ff9f0e85000 	C:\WINDOWS\system32\twinapi.appcore.dll
0x00007ff9e5aa0000 - 0x00007ff9e5acc000 	C:\Program Files\Common Files\Microsoft Shared\Ink\rtscom.dll
0x00007ff9e7170000 - 0x00007ff9e72ba000 	C:\WINDOWS\SYSTEM32\textinputframework.dll
0x00007ff9fb860000 - 0x00007ff9fb985000 	C:\WINDOWS\SYSTEM32\CoreMessaging.dll
0x00007ff9f6f80000 - 0x00007ff9f7263000 	C:\WINDOWS\SYSTEM32\CoreUIComponents.dll
0x00007ff9ff8a0000 - 0x00007ff9ff8ac000 	C:\WINDOWS\SYSTEM32\CRYPTBASE.DLL
0x00007ff9e6d10000 - 0x00007ff9e6d6e000 	C:\WINDOWS\system32\ApplicationTargetedFeatureDatabase.dll
0x00007ff9fbc00000 - 0x00007ff9fc23c000 	C:\WINDOWS\SYSTEM32\d2d1.dll
0x00007ff9fc240000 - 0x00007ff9fc4a2000 	C:\WINDOWS\SYSTEM32\d3d11.dll
0x00007ff9ae020000 - 0x00007ff9ae5cb000 	C:\WINDOWS\SYSTEM32\D3D10Warp.dll
0x00007ff9fae00000 - 0x00007ff9faf04000 	C:\WINDOWS\SYSTEM32\PROPSYS.dll
0x00007ff924ac0000 - 0x00007ff924c6c000 	C:\WINDOWS\SYSTEM32\DUI70.dll
0x00007ff9e59e0000 - 0x00007ff9e5a84000 	C:\WINDOWS\SYSTEM32\DUser.dll
0x00007ff9ccf70000 - 0x00007ff9cd00f000 	C:\Program Files\Common Files\microsoft shared\ink\tiptsf.dll
0x00007ff9e74b0000 - 0x00007ff9e7563000 	C:\WINDOWS\SYSTEM32\TextShaping.dll
0x00007ff9d5fc0000 - 0x00007ff9d5fe9000 	C:\WINDOWS\SYSTEM32\edputil.dll

JVMTI agents: none

dbghelp: loaded successfully - version: 4.0.5 - missing functions: none
symbol engine: initialized successfully - sym options: 0x614 - pdb path: .;C:\Program Files\Apache NetBeans\jdk\bin;C:\WINDOWS\SYSTEM32;C:\WINDOWS\WinSxS\amd64_microsoft.windows.common-controls_6595b64144ccf1df_6.0.26100.6899_none_3e0efeeae32e88c1;C:\Program Files\Apache NetBeans\jdk\bin\server;C:\Users\LENOVO\.openjfx\cache\13;C:\Windows\System32\DriverStore\FileRepository\u0408849.inf_amd64_53e030d4d9290593\B408642;C:\ProgramData\A-Volute\A-Volute.Nahimic\Modules\Scheduled\x64;C:\Program Files\Common Files\Microsoft Shared\Ink;C:\WINDOWS\WinSxS\amd64_microsoft.windows.gdiplus_6595b64144ccf1df_1.1.26100.6725_none_6ef34b0e3dc6ea59;C:\Program Files (x86)\Internet Download Manager;C:\Program Files (x86)\Common Files\Adobe\CoreSyncExtension

VM Arguments:
jvm_args: --module-path=C:\Users\LENOVO\.m2\repository\org\openjfx\javafx-base\13\javafx-base-13-win.jar;C:\Users\LENOVO\.m2\repository\org\openjfx\javafx-base\13\javafx-base-13.jar;C:\Users\LENOVO\.m2\repository\org\openjfx\javafx-controls\13\javafx-controls-13-win.jar;C:\Users\LENOVO\.m2\repository\org\openjfx\javafx-controls\13\javafx-controls-13.jar;C:\Users\LENOVO\.m2\repository\org\openjfx\javafx-fxml\13\javafx-fxml-13-win.jar;C:\Users\LENOVO\.m2\repository\org\openjfx\javafx-fxml\13\javafx-fxml-13.jar;C:\Users\LENOVO\.m2\repository\org\openjfx\javafx-graphics\13\javafx-graphics-13-win.jar;C:\Users\LENOVO\.m2\repository\org\openjfx\javafx-graphics\13\javafx-graphics-13.jar --add-modules=javafx.base,javafx.controls,javafx.fxml,javafx.graphics 
java_command: eyepred.eyediseasesclassifier.App
java_class_path (initial): C:\Users\LENOVO\Documents\NetBeansProjects\EyeDiseasesClassifier\target\classes;C:\Users\LENOVO\.m2\repository\com\fasterxml\jackson\core\jackson-annotations\2.13.4\jackson-annotations-2.13.4.jar;C:\Users\LENOVO\.m2\repository\com\fasterxml\jackson\core\jackson-core\2.13.4\jackson-core-2.13.4.jar;C:\Users\LENOVO\.m2\repository\com\fasterxml\jackson\core\jackson-databind\2.13.4.1\jackson-databind-2.13.4.1.jar
Launcher Type: SUN_STANDARD

[Global flags]
     intx CICompilerCount                          = 4                                         {product} {ergonomic}
     uint ConcGCThreads                            = 3                                         {product} {ergonomic}
     uint G1ConcRefinementThreads                  = 10                                        {product} {ergonomic}
   size_t G1HeapRegionSize                         = 1048576                                   {product} {ergonomic}
   size_t InitialHeapSize                          = 121634816                                 {product} {ergonomic}
   size_t MarkStackSize                            = 4194304                                   {product} {ergonomic}
   size_t MarkStackSizeMax                         = 536870912                                 {product} {ergonomic}
   size_t MaxHeapSize                              = 1931476992                                {product} {ergonomic}
   size_t MaxNewSize                               = 1158676480                                {product} {ergonomic}
   size_t MinHeapDeltaBytes                        = 1048576                                   {product} {ergonomic}
   size_t MinHeapSize                              = 8388608                                   {product} {ergonomic}
    uintx NonNMethodCodeHeapSize                   = 5832704                                {pd product} {ergonomic}
    uintx NonProfiledCodeHeapSize                  = 122945536                              {pd product} {ergonomic}
    uintx ProfiledCodeHeapSize                     = 122880000                              {pd product} {ergonomic}
    uintx ReservedCodeCacheSize                    = 251658240                              {pd product} {ergonomic}
     bool SegmentedCodeCache                       = true                                      {product} {ergonomic}
   size_t SoftMaxHeapSize                          = 1931476992                             {manageable} {ergonomic}
     bool UseCompressedOops                        = true                           {product lp64_product} {ergonomic}
     bool UseG1GC                                  = true                                      {product} {ergonomic}
     bool UseLargePagesIndividualAllocation        = false                                  {pd product} {ergonomic}

Logging:
Log output configuration:
 #0: stdout all=warning uptime,level,tags foldmultilines=false
 #1: stderr all=off uptime,level,tags foldmultilines=false

Environment Variables:
JAVA_HOME=C:\Program Files\Apache NetBeans\jdk
PATH=C:\Program Files\Eclipse Adoptium\jdk-17.0.15.6-hotspot\bin;C:\Windows\system32;C:\Windows;C:\Windows\System32\Wbem;C:\Windows\System32\WindowsPowerShell\v1.0\;C:\Windows\System32\OpenSSH\;C:\Program Files (x86)\NVIDIA Corporation\PhysX\Common;C:\AMain C\Programs\ytdlp;C:\Program Files\NASM;C:\Program Files\Git\cmd;C:\Program Files\NVIDIA Corporation\NVIDIA app\NvDLISR;C:\WINDOWS\system32;C:\WINDOWS;C:\WINDOWS\System32\Wbem;C:\WINDOWS\System32\WindowsPowerShell\v1.0\;C:\WINDOWS\System32\OpenSSH\;C:\jdk-21.0.6+7\bin;C:\xampp\php;C:\composer;C:\Users\LENOVO\AppData\Local\Programs\Python\Python313\Scripts;C:\jdk-21.0.6+7\bin;C:\AMain C\apache-maven-3.9.9\bin;C:\Program Files\Apache Software Foundation\Tomcat 11.0\\bin;;C:\Program Files\Docker\Docker\resources\bin;C:\Users\LENOVO\AppData\Local\Programs\Python\Python313\Scripts\;C:\Users\LENOVO\AppData\Local\Programs\Python\Python313\;C:\psyq\bin;C:\AMain C\Programs\VSCode\Microsoft VS Code\bin;C:\Users\LENOVO\AppData\Local\Microsoft\WindowsApps;C:\Users\LENOVO\AppData\Roaming\Composer\vendor\bin;
USERNAME=LENOVO_SONA
TMPDIR=C:\TEMP
OS=Windows_NT
PROCESSOR_IDENTIFIER=AMD64 Family 25 Model 68 Stepping 1, AuthenticAMD
TMP=C:\Users\LENOVO\AppData\Local\Temp
TEMP=C:\Users\LENOVO\AppData\Local\Temp




Periodic native trim disabled

---------------  S Y S T E M  ---------------

OS:
 Windows 11 , 64 bit Build 26100 (10.0.26100.6725)
OS uptime: 0 days 8:04 hours
Hyper-V role detected

CPU: total 12 (initial active 12) (12 cores per cpu, 2 threads per core) family 25 model 68 stepping 1 microcode 0xa404102, cx8, cmov, fxsr, ht, mmx, 3dnowpref, sse, sse2, sse3, ssse3, sse4a, sse4.1, sse4.2, popcnt, lzcnt, tsc, tscinvbit, avx, avx2, aes, erms, clmul, bmi1, bmi2, adx, sha, fma, vzeroupper, clflush, clflushopt, hv, rdtscp, rdpid, fsrm, f16c, cet_ss
Processor Information for the first 12 processors :
  Max Mhz: 3301, Current Mhz: 2496, Mhz Limit: 3301

Memory: 4k page, system-wide physical 7365M (835M free)
TotalPageFile size 29893M (AvailPageFile size 9M)
current process WorkingSet (physical memory assigned to process): 86M, peak: 279M
current process commit charge ("private bytes"): 286M, peak: 399M

vm_info: OpenJDK 64-Bit Server VM (24.0.2+12) for windows-amd64 JRE (24.0.2+12) (Zulu24.32+13-CA), built on 2025-07-11T12:45:44Z with MS VC++ 17.1 (VS2022)

END.
